0 info it worked if it ends with ok
1 verbose cli [ 'node', '/usr/local/bin/npm', 'install', 'bodyparser' ]
2 info using npm@1.4.28
3 info using node@v0.10.32
4 warn package.json anonlayerauth@0.0.1 No repository field.
5 verbose readDependencies using package.json deps
6 verbose cache add [ 'bodyparser', null ]
7 verbose cache add name=undefined spec="bodyparser" args=["bodyparser",null]
8 verbose parsed url { protocol: null,
8 verbose parsed url   slashes: null,
8 verbose parsed url   auth: null,
8 verbose parsed url   host: null,
8 verbose parsed url   port: null,
8 verbose parsed url   hostname: null,
8 verbose parsed url   hash: null,
8 verbose parsed url   search: null,
8 verbose parsed url   query: null,
8 verbose parsed url   pathname: 'bodyparser',
8 verbose parsed url   path: 'bodyparser',
8 verbose parsed url   href: 'bodyparser' }
9 silly lockFile 981361c8-bodyparser bodyparser
10 verbose lock bodyparser /Users/spenceryen/.npm/981361c8-bodyparser.lock
11 silly lockFile 981361c8-bodyparser bodyparser
12 silly lockFile 981361c8-bodyparser bodyparser
13 verbose addNamed [ 'bodyparser', '' ]
14 verbose addNamed [ null, '*' ]
15 silly lockFile 6c35f799-bodyparser bodyparser@
16 verbose lock bodyparser@ /Users/spenceryen/.npm/6c35f799-bodyparser.lock
17 silly addNameRange { name: 'bodyparser', range: '*', hasData: false }
18 verbose request where is /bodyparser
19 verbose request registry https://registry.npmjs.org/
20 verbose request id e1843adad0215124
21 verbose url raw /bodyparser
22 verbose url resolving [ 'https://registry.npmjs.org/', './bodyparser' ]
23 verbose url resolved https://registry.npmjs.org/bodyparser
24 verbose request where is https://registry.npmjs.org/bodyparser
25 info trying registry request attempt 1 at 22:04:56
26 http GET https://registry.npmjs.org/bodyparser
27 http 404 https://registry.npmjs.org/bodyparser
28 verbose headers { date: 'Tue, 07 Oct 2014 05:04:56 GMT',
28 verbose headers   server: 'CouchDB/1.5.0 (Erlang OTP/R16B03)',
28 verbose headers   'content-type': 'application/json',
28 verbose headers   'cache-control': 'max-age=0',
28 verbose headers   'content-length': '52',
28 verbose headers   'accept-ranges': 'bytes',
28 verbose headers   via: '1.1 varnish',
28 verbose headers   age: '0',
28 verbose headers   'x-served-by': 'cache-lax1432-LAX',
28 verbose headers   'x-cache': 'MISS',
28 verbose headers   'x-cache-hits': '0',
28 verbose headers   'x-timer': 'S1412658296.588563,VS0,VE43',
28 verbose headers   'keep-alive': 'timeout=10, max=50',
28 verbose headers   connection: 'Keep-Alive' }
29 silly registry.get cb [ 404,
29 silly registry.get   { date: 'Tue, 07 Oct 2014 05:04:56 GMT',
29 silly registry.get     server: 'CouchDB/1.5.0 (Erlang OTP/R16B03)',
29 silly registry.get     'content-type': 'application/json',
29 silly registry.get     'cache-control': 'max-age=0',
29 silly registry.get     'content-length': '52',
29 silly registry.get     'accept-ranges': 'bytes',
29 silly registry.get     via: '1.1 varnish',
29 silly registry.get     age: '0',
29 silly registry.get     'x-served-by': 'cache-lax1432-LAX',
29 silly registry.get     'x-cache': 'MISS',
29 silly registry.get     'x-cache-hits': '0',
29 silly registry.get     'x-timer': 'S1412658296.588563,VS0,VE43',
29 silly registry.get     'keep-alive': 'timeout=10, max=50',
29 silly registry.get     connection: 'Keep-Alive' } ]
30 silly lockFile 6c35f799-bodyparser bodyparser@
31 silly lockFile 6c35f799-bodyparser bodyparser@
32 error 404 404 Not Found: bodyparser
32 error 404
32 error 404 'bodyparser' is not in the npm registry.
32 error 404 You should bug the author to publish it
32 error 404 It was specified as a dependency of 'anonlayerauth'
32 error 404
32 error 404 Note that you can also install from a
32 error 404 tarball, folder, or http url, or git url.
33 error System Darwin 14.0.0
34 error command "node" "/usr/local/bin/npm" "install" "bodyparser"
35 error cwd /Users/spenceryen/Desktop/AnonLayerAuth
36 error node -v v0.10.32
37 error npm -v 1.4.28
38 error code E404
39 verbose exit [ 1, true ]
